<?xml version="1.0" encoding="UTF-8"?>
<!-- Generated by org.testng.reporters.JUnitReportReporter -->
<testsuite hostname="DESKTOP-CRRQ0J6" failures="0" tests="4" name="runner.demoBlazeRunner" time="47.836" errors="0" timestamp="2023-03-17T16:17:36 IST" skipped="0">
  <testcase classname="runner.demoBlazeRunner" name="runScenario" time="23.985"/>
  <system-out/>
  <testcase classname="runner.demoBlazeRunner" name="runScenario" time="7.956"/>
  <system-out/>
  <testcase classname="runner.demoBlazeRunner" name="runScenario" time="9.670"/>
  <system-out/>
  <testcase classname="runner.demoBlazeRunner" name="runScenario" time="6.225"/>
  <system-out/>
</testsuite> <!-- runner.demoBlazeRunner -->
